-- Found ament_cmake: 1.3.11 (/opt/ros/humble/share/ament_cmake/cmake)
-- Found rclcpp: 16.0.12 (/opt/ros/humble/share/rclcpp/cmake)
-- Found rosidl_generator_c: 3.1.6 (/opt/ros/humble/share/rosidl_generator_c/cmake)
-- Found rosidl_adapter: 3.1.6 (/opt/ros/humble/share/rosidl_adapter/cmake)
-- Found rosidl_generator_cpp: 3.1.6 (/opt/ros/humble/share/rosidl_generator_cpp/cmake)
-- Using all available rosidl_typesupport_c: rosidl_typesupport_fastrtps_c;rosidl_typesupport_introspection_c
-- Using all available rosidl_typesupport_cpp: rosidl_typesupport_fastrtps_cpp;rosidl_typesupport_introspection_cpp
-- Found rmw_implementation_cmake: 6.1.2 (/opt/ros/humble/share/rmw_implementation_cmake/cmake)
-- Found rmw_fastrtps_cpp: 6.2.7 (/opt/ros/humble/share/rmw_fastrtps_cpp/cmake)
-- Using RMW implementation 'rmw_fastrtps_cpp' as default
-- Found pcl_conversions: 2.4.5 (/opt/ros/humble/share/pcl_conversions/cmake)
-- Eigen found (include: /usr/include/eigen3, version: 3.4.0)
-- FLANN found (include: /usr/include, lib: /usr/lib/x86_64-linux-gnu/libflann_cpp.so)
-- OpenNI found (version: 1.5.4.0, include: /usr/include/ni, lib: /usr/lib/libOpenNI.so;libusb::libusb)
-- OpenNI2 found (version: 2.2.0.33, include: /usr/include/openni2, lib: /usr/lib/x86_64-linux-gnu/libOpenNI2.so;libusb::libusb)
-- Eigen found (include: /usr/include/eigen3, version: 3.4.0)
-- OpenNI found (version: 1.5.4.0, include: /usr/include/ni, lib: /usr/lib/libOpenNI.so;libusb::libusb)
-- OpenNI2 found (version: 2.2.0.33, include: /usr/include/openni2, lib: /usr/lib/x86_64-linux-gnu/libOpenNI2.so;libusb::libusb)
-- Found Qhull version 8.0.2
-- OpenNI found (version: 1.5.4.0, include: /usr/include/ni, lib: /usr/lib/libOpenNI.so;libusb::libusb)
-- Found visualization_msgs: 4.8.0 (/opt/ros/humble/share/visualization_msgs/cmake)
-- Found tf2_ros: 0.25.12 (/opt/ros/humble/share/tf2_ros/cmake)
-- Found tf2_sensor_msgs: 0.25.12 (/opt/ros/humble/share/tf2_sensor_msgs/cmake)
-- Found ament_lint_auto: 0.12.12 (/opt/ros/humble/share/ament_lint_auto/cmake)
-- Added test 'cppcheck' to perform static code analysis on C / C++ code
-- Configured cppcheck include dirs: $<BUILD_INTERFACE:/home/airlab/osep_path_planner/src/rosa_skeleton_extraction/include>
-- Configured cppcheck exclude dirs and/or files: 
-- Added test 'lint_cmake' to check CMake code style
-- Added test 'uncrustify' to check C / C++ code style
-- Configured uncrustify additional arguments: 
-- Added test 'xmllint' to check XML markup files
-- Configuring done
-- Generating done
-- Build files have been written to: /home/airlab/osep_path_planner/build/rosa_skeleton_extraction
[ 75%] [32mBuilding CXX object CMakeFiles/rosa_skeleton_extraction.dir/src/rosa_node.cpp.o[0m
[ 75%] [32mBuilding CXX object CMakeFiles/rosa_skeleton_extraction.dir/src/extract_tools.cpp.o[0m
[ 75%] [32mBuilding CXX object CMakeFiles/rosa_skeleton_extraction.dir/src/rosa_main.cpp.o[0m
[01m[K/home/airlab/osep_path_planner/src/rosa_skeleton_extraction/src/rosa_node.cpp:10:9:[m[K [01;31m[Kfatal error: [m[Krosa_main.hpp: No such file or directory
   10 | #include[01;31m[K<rosa_main.hpp>[m[K
      |         [01;31m[K^~~~~~~~~~~~~~~[m[K
[01m[K/home/airlab/osep_path_planner/src/rosa_skeleton_extraction/src/rosa_main.cpp:10:10:[m[K [01;31m[Kfatal error: [m[Krosa_main.hpp: No such file or directory
   10 | #include [01;31m[K<rosa_main.hpp>[m[K
      |          [01;31m[K^~~~~~~~~~~~~~~[m[K
compilation terminated.
compilation terminated.
[01m[K/home/airlab/osep_path_planner/src/rosa_skeleton_extraction/src/extract_tools.cpp:1:10:[m[K [01;31m[Kfatal error: [m[Kextract_tools.hpp: No such file or directory
    1 | #include [01;31m[K"extract_tools.hpp"[m[K
      |          [01;31m[K^~~~~~~~~~~~~~~~~~~[m[K
compilation terminated.
gmake[2]: *** [CMakeFiles/rosa_skeleton_extraction.dir/build.make:90: CMakeFiles/rosa_skeleton_extraction.dir/src/rosa_main.cpp.o] Error 1
gmake[2]: *** Waiting for unfinished jobs....
gmake[2]: *** [CMakeFiles/rosa_skeleton_extraction.dir/build.make:76: CMakeFiles/rosa_skeleton_extraction.dir/src/rosa_node.cpp.o] Error 1
gmake[2]: *** [CMakeFiles/rosa_skeleton_extraction.dir/build.make:104: CMakeFiles/rosa_skeleton_extraction.dir/src/extract_tools.cpp.o] Error 1
gmake[1]: *** [CMakeFiles/Makefile2:137: CMakeFiles/rosa_skeleton_extraction.dir/all] Error 2
gmake: *** [Makefile:146: all] Error 2
