[0.010s] Invoking command in '/home/airlab/osep_path_planner/build/rosa_skeleton_extraction': CMAKE_PREFIX_PATH=/opt/ros/humble /usr/bin/cmake --build /home/airlab/osep_path_planner/build/rosa_skeleton_extraction -- -j8 -l8
[0.046s] [ 75%] [32mBuilding CXX object CMakeFiles/rosa_skeleton_extraction.dir/src/rosa_main.cpp.o[0m
[0.046s] [ 75%] [32mBuilding CXX object CMakeFiles/rosa_skeleton_extraction.dir/src/extract_tools.cpp.o[0m
[0.046s] [ 50%] [32mBuilding CXX object CMakeFiles/rosa_skeleton_extraction.dir/src/rosa_node.cpp.o[0m
[0.054s] [01m[K/home/airlab/osep_path_planner/src/rosa_skeleton_extraction/src/rosa_node.cpp:10:9:[m[K [01;31m[Kfatal error: [m[Krosa_main.hpp: No such file or directory
[0.054s]    10 | #include[01;31m[K<rosa_main.hpp>[m[K
[0.054s]       |         [01;31m[K^~~~~~~~~~~~~~~[m[K
[0.054s] compilation terminated.
[0.054s] [01m[K/home/airlab/osep_path_planner/src/rosa_skeleton_extraction/src/rosa_main.cpp:10:10:[m[K [01;31m[Kfatal error: [m[Krosa_main.hpp: No such file or directory
[0.054s]    10 | #include [01;31m[K<rosa_main.hpp>[m[K
[0.055s]       |          [01;31m[K^~~~~~~~~~~~~~~[m[K
[0.055s] compilation terminated.
[0.055s] [01m[K/home/airlab/osep_path_planner/src/rosa_skeleton_extraction/src/extract_tools.cpp:1:10:[m[K [01;31m[Kfatal error: [m[Kextract_tools.hpp: No such file or directory
[0.055s]     1 | #include [01;31m[K"extract_tools.hpp"[m[K
[0.055s]       |          [01;31m[K^~~~~~~~~~~~~~~~~~~[m[K
[0.055s] compilation terminated.
[0.055s] gmake[2]: *** [CMakeFiles/rosa_skeleton_extraction.dir/build.make:76: CMakeFiles/rosa_skeleton_extraction.dir/src/rosa_node.cpp.o] Error 1
[0.055s] gmake[2]: *** Waiting for unfinished jobs....
[0.055s] gmake[2]: *** [CMakeFiles/rosa_skeleton_extraction.dir/build.make:90: CMakeFiles/rosa_skeleton_extraction.dir/src/rosa_main.cpp.o] Error 1
[0.055s] gmake[2]: *** [CMakeFiles/rosa_skeleton_extraction.dir/build.make:104: CMakeFiles/rosa_skeleton_extraction.dir/src/extract_tools.cpp.o] Error 1
[0.056s] gmake[1]: *** [CMakeFiles/Makefile2:137: CMakeFiles/rosa_skeleton_extraction.dir/all] Error 2
[0.056s] gmake: *** [Makefile:146: all] Error 2
