[0.011s] Invoking command in '/home/airlab/osep_path_planner/build/path_planning': CMAKE_PREFIX_PATH=/opt/ros/humble /usr/bin/cmake --build /home/airlab/osep_path_planner/build/path_planning -- -j8 -l8
[0.031s] -- Found ament_cmake: 1.3.11 (/opt/ros/humble/share/ament_cmake/cmake)
[0.127s] -- Found rclcpp: 16.0.12 (/opt/ros/humble/share/rclcpp/cmake)
[0.149s] -- Found rosidl_generator_c: 3.1.6 (/opt/ros/humble/share/rosidl_generator_c/cmake)
[0.151s] -- Found rosidl_adapter: 3.1.6 (/opt/ros/humble/share/rosidl_adapter/cmake)
[0.155s] -- Found rosidl_generator_cpp: 3.1.6 (/opt/ros/humble/share/rosidl_generator_cpp/cmake)
[0.163s] -- Using all available rosidl_typesupport_c: rosidl_typesupport_fastrtps_c;rosidl_typesupport_introspection_c
[0.172s] -- Using all available rosidl_typesupport_cpp: rosidl_typesupport_fastrtps_cpp;rosidl_typesupport_introspection_cpp
[0.197s] -- Found rmw_implementation_cmake: 6.1.2 (/opt/ros/humble/share/rmw_implementation_cmake/cmake)
[0.198s] -- Found rmw_fastrtps_cpp: 6.2.7 (/opt/ros/humble/share/rmw_fastrtps_cpp/cmake)
[0.270s] -- Using RMW implementation 'rmw_fastrtps_cpp' as default
[0.308s] -- Found pcl_conversions: 2.4.5 (/opt/ros/humble/share/pcl_conversions/cmake)
[0.359s] -- Eigen found (include: /usr/include/eigen3, version: 3.4.0)
[0.380s] -- FLANN found (include: /usr/include, lib: /usr/lib/x86_64-linux-gnu/libflann_cpp.so)
[0.590s] -- OpenNI found (version: 1.5.4.0, include: /usr/include/ni, lib: /usr/lib/libOpenNI.so;libusb::libusb)
[0.594s] -- OpenNI2 found (version: 2.2.0.33, include: /usr/include/openni2, lib: /usr/lib/x86_64-linux-gnu/libOpenNI2.so;libusb::libusb)
[0.702s] -- Eigen found (include: /usr/include/eigen3, version: 3.4.0)
[0.706s] -- OpenNI found (version: 1.5.4.0, include: /usr/include/ni, lib: /usr/lib/libOpenNI.so;libusb::libusb)
[0.710s] -- OpenNI2 found (version: 2.2.0.33, include: /usr/include/openni2, lib: /usr/lib/x86_64-linux-gnu/libOpenNI2.so;libusb::libusb)
[0.812s] -- Found Qhull version 8.0.2
[0.917s] -- OpenNI found (version: 1.5.4.0, include: /usr/include/ni, lib: /usr/lib/libOpenNI.so;libusb::libusb)
[1.029s] -- Found visualization_msgs: 4.8.0 (/opt/ros/humble/share/visualization_msgs/cmake)
[1.045s] -- Found nav_msgs: 4.8.0 (/opt/ros/humble/share/nav_msgs/cmake)
[1.070s] -- Found ament_lint_auto: 0.12.12 (/opt/ros/humble/share/ament_lint_auto/cmake)
[1.118s] -- Added test 'cppcheck' to perform static code analysis on C / C++ code
[1.118s] -- Configured cppcheck include dirs: $<BUILD_INTERFACE:/home/airlab/osep_path_planner/src/path_planning/include>
[1.118s] -- Configured cppcheck exclude dirs and/or files: 
[1.118s] -- Added test 'lint_cmake' to check CMake code style
[1.119s] -- Added test 'uncrustify' to check C / C++ code style
[1.119s] -- Configured uncrustify additional arguments: 
[1.119s] -- Added test 'xmllint' to check XML markup files
[1.120s] -- Configuring done
[1.144s] -- Generating done
[1.152s] -- Build files have been written to: /home/airlab/osep_path_planner/build/path_planning
[1.184s] [ 66%] [32mBuilding CXX object CMakeFiles/path_planning.dir/src/planner_main.cpp.o[0m
[1.184s] [ 66%] [32mBuilding CXX object CMakeFiles/path_planning.dir/src/planner_node.cpp.o[0m
[1.190s] [01m[K/home/airlab/osep_path_planner/src/path_planning/src/planner_node.cpp:7:10:[m[K [01;31m[Kfatal error: [m[Kplanner_main.hpp: No such file or directory
[1.190s]     7 | #include [01;31m[K"planner_main.hpp"[m[K
[1.190s]       |          [01;31m[K^~~~~~~~~~~~~~~~~~[m[K
[1.190s] [01m[K/home/airlab/osep_path_planner/src/path_planning/src/planner_main.cpp:9:10:[m[K [01;31m[Kfatal error: [m[Kplanner_main.hpp: No such file or directory
[1.190s]     9 | #include [01;31m[K"planner_main.hpp"[m[K
[1.190s]       |          [01;31m[K^~~~~~~~~~~~~~~~~~[m[K
[1.190s] compilation terminated.
[1.190s] compilation terminated.
[1.191s] gmake[2]: *** [CMakeFiles/path_planning.dir/build.make:76: CMakeFiles/path_planning.dir/src/planner_node.cpp.o] Error 1
[1.191s] gmake[2]: *** Waiting for unfinished jobs....
[1.191s] gmake[2]: *** [CMakeFiles/path_planning.dir/build.make:90: CMakeFiles/path_planning.dir/src/planner_main.cpp.o] Error 1
[1.191s] gmake[1]: *** [CMakeFiles/Makefile2:137: CMakeFiles/path_planning.dir/all] Error 2
[1.191s] gmake: *** [Makefile:146: all] Error 2
